-------------------------------------------------------------------------------
Test set: de.master.softwareentwicklung.kata.tictactoe.test.CellTest
-------------------------------------------------------------------------------
Tests run: 5, Failures: 5, Errors: 0, Skipped: 0, Time elapsed: 0.006 sec <<< FAILURE!
de.master.softwareentwicklung.kata.tictactoe.test.CellTest.testGetTypeString()  Time elapsed: 0.003 sec  <<< FAILURE!
java.lang.NoClassDefFoundError: org/junit/Assert
	at de.master.softwareentwicklung.kata.tictactoe.test.CellTest.testGetTypeString(CellTest.java:21)
Caused by: java.lang.ClassNotFoundException: org.junit.Assert
	at java.net.URLClassLoader$1.run(Unknown Source)
	at java.net.URLClassLoader$1.run(Unknown Source)
	at java.security.AccessController.doPrivileged(Native Method)
	at java.net.URLClassLoader.findClass(Unknown Source)
	at java.lang.ClassLoader.loadClass(Unknown Source)
	at sun.misc.Launcher$AppClassLoader.loadClass(Unknown Source)
	at java.lang.ClassLoader.loadClass(Unknown Source)
	... 19 more
de.master.softwareentwicklung.kata.tictactoe.test.CellTest.testGetPosition()  Time elapsed: 0 sec  <<< FAILURE!
java.lang.NoClassDefFoundError: org/junit/Assert
	at de.master.softwareentwicklung.kata.tictactoe.test.CellTest.testGetPosition(CellTest.java:31)
de.master.softwareentwicklung.kata.tictactoe.test.CellTest.testSetType()  Time elapsed: 0 sec  <<< FAILURE!
java.lang.NoClassDefFoundError: org/junit/Assert
	at de.master.softwareentwicklung.kata.tictactoe.test.CellTest.testSetType(CellTest.java:26)
de.master.softwareentwicklung.kata.tictactoe.test.CellTest.testGetType()  Time elapsed: 0 sec  <<< FAILURE!
java.lang.NoClassDefFoundError: org/junit/Assert
	at de.master.softwareentwicklung.kata.tictactoe.test.CellTest.testGetType(CellTest.java:16)
de.master.softwareentwicklung.kata.tictactoe.test.CellTest.testCell()  Time elapsed: 0 sec  <<< FAILURE!
java.lang.NoClassDefFoundError: org/junit/Assert
	at de.master.softwareentwicklung.kata.tictactoe.test.CellTest.testCell(CellTest.java:11)
