<?xml version="1.0" encoding="UTF-8" ?>
<testsuite failures="5" time="0.006" errors="0" skipped="0" tests="5" name="de.master.softwareentwicklung.kata.tictactoe.test.CellTest">
  <properties>
[...]
</properties>
  <testcase time="0.003" classname="de.master.softwareentwicklung.kata.tictactoe.test.CellTest" name="de.master.softwareentwicklung.kata.tictactoe.test.CellTest.testGetTypeString">
    <failure message="org/junit/Assert" type="java.lang.NoClassDefFoundError">java.lang.NoClassDefFoundError: org/junit/Assert
	at de.master.softwareentwicklung.kata.tictactoe.test.CellTest.testGetTypeString(CellTest.java:21)
Caused by: java.lang.ClassNotFoundException: org.junit.Assert
	at java.net.URLClassLoader$1.run(Unknown Source)
	at java.net.URLClassLoader$1.run(Unknown Source)
	at java.security.AccessController.doPrivileged(Native Method)
	at java.net.URLClassLoader.findClass(Unknown Source)
	at java.lang.ClassLoader.loadClass(Unknown Source)
	at sun.misc.Launcher$AppClassLoader.loadClass(Unknown Source)
	at java.lang.ClassLoader.loadClass(Unknown Source)
	... 19 more
</failure>
  </testcase>
  <testcase time="0" classname="de.master.softwareentwicklung.kata.tictactoe.test.CellTest" name="de.master.softwareentwicklung.kata.tictactoe.test.CellTest.testGetPosition">
    <failure message="org/junit/Assert" type="java.lang.NoClassDefFoundError">java.lang.NoClassDefFoundError: org/junit/Assert
	at de.master.softwareentwicklung.kata.tictactoe.test.CellTest.testGetPosition(CellTest.java:31)
</failure>
  </testcase>
  <testcase time="0" classname="de.master.softwareentwicklung.kata.tictactoe.test.CellTest" name="de.master.softwareentwicklung.kata.tictactoe.test.CellTest.testSetType">
    <failure message="org/junit/Assert" type="java.lang.NoClassDefFoundError">java.lang.NoClassDefFoundError: org/junit/Assert
	at de.master.softwareentwicklung.kata.tictactoe.test.CellTest.testSetType(CellTest.java:26)
</failure>
  </testcase>
  <testcase time="0" classname="de.master.softwareentwicklung.kata.tictactoe.test.CellTest" name="de.master.softwareentwicklung.kata.tictactoe.test.CellTest.testGetType">
    <failure message="org/junit/Assert" type="java.lang.NoClassDefFoundError">java.lang.NoClassDefFoundError: org/junit/Assert
	at de.master.softwareentwicklung.kata.tictactoe.test.CellTest.testGetType(CellTest.java:16)
</failure>
  </testcase>
  <testcase time="0" classname="de.master.softwareentwicklung.kata.tictactoe.test.CellTest" name="de.master.softwareentwicklung.kata.tictactoe.test.CellTest.testCell">
    <failure message="org/junit/Assert" type="java.lang.NoClassDefFoundError">java.lang.NoClassDefFoundError: org/junit/Assert
	at de.master.softwareentwicklung.kata.tictactoe.test.CellTest.testCell(CellTest.java:11)
</failure>
  </testcase>
</testsuite>