<?xml version="1.0" encoding="UTF-8" ?>
<testsuite failures="5" time="0.006" errors="0" skipped="0" tests="5" name="de.master.softwareentwicklung.kata.tictactoe.test.CellTest">
  <properties>
    <property name="java.runtime.name" value="Java(TM) SE Runtime Environment"/>
    <property name="sun.boot.library.path" value="D:\Development\JVA\Java\jre\1.7.0_25\bin"/>
    <property name="java.vm.version" value="24.45-b08"/>
    <property name="java.vm.vendor" value="Oracle Corporation"/>
    <property name="java.vendor.url" value="http://java.oracle.com/"/>
    <property name="path.separator" value=";"/>
    <property name="guice.disable.misplaced.annotation.check" value="true"/>
    <property name="java.vm.name" value="Java HotSpot(TM) Client VM"/>
    <property name="file.encoding.pkg" value="sun.io"/>
    <property name="user.script" value=""/>
    <property name="user.country" value="DE"/>
    <property name="sun.java.launcher" value="SUN_STANDARD"/>
    <property name="sun.os.patch.level" value="Service Pack 1"/>
    <property name="java.vm.specification.name" value="Java Virtual Machine Specification"/>
    <property name="user.dir" value="D:\Development\PRJ\workspace master\Softwareentwicklung"/>
    <property name="java.runtime.version" value="1.7.0_45-b18"/>
    <property name="java.awt.graphicsenv" value="sun.awt.Win32GraphicsEnvironment"/>
    <property name="java.endorsed.dirs" value="D:\Development\JVA\Java\jre\1.7.0_25\lib\endorsed"/>
    <property name="os.arch" value="x86"/>
    <property name="java.io.tmpdir" value="C:\Users\Torsten\AppData\Local\Temp\"/>
    <property name="line.separator" value="
"/>
    <property name="java.vm.specification.vendor" value="Oracle Corporation"/>
    <property name="user.variant" value=""/>
    <property name="os.name" value="Windows 7"/>
    <property name="classworlds.conf" value="D:\Development\PRJ\workspace master\.metadata\.plugins\org.eclipse.m2e.core\launches\m2conf8663343286160402219.tmp"/>
    <property name="sun.jnu.encoding" value="Cp1252"/>
    <property name="java.library.path" value="D:\Development\JVA\Java\jre\1.7.0_25\bin;C:\Windows\Sun\Java\bin;C:\Windows\system32;C:\Windows;C:\Program Files (x86)\AMD APP\bin\x86_64;C:\Program Files (x86)\AMD APP\bin\x86;C:\Windows\system32;C:\Windows;C:\Windows\System32\Wbem;C:\Windows\System32\WindowsPowerShell\v1.0\;C:\Program Files (x86)\ATI Technologies\ATI.ACE\Core-Static;D:\Development\JVA\Java\jdk\1.7.0_09\bin;D:\Development\JVA\Java\jre\1.7.0_09\bin;D:\Development\LIB\jdepend\jdepend-2.9.1\lib;."/>
    <property name="java.specification.name" value="Java Platform API Specification"/>
    <property name="java.class.version" value="51.0"/>
    <property name="sun.management.compiler" value="HotSpot Client Compiler"/>
    <property name="os.version" value="6.1"/>
    <property name="user.home" value="C:\Users\Torsten"/>
    <property name="user.timezone" value="Europe/Berlin"/>
    <property name="java.awt.printerjob" value="sun.awt.windows.WPrinterJob"/>
    <property name="java.specification.version" value="1.7"/>
    <property name="file.encoding" value="UTF-8"/>
    <property name="user.name" value="Torsten"/>
    <property name="java.class.path" value="/D:/Development/IDE/MyEclipse/plugins/org.eclipse.m2e.maven.runtime_1.2.0.20120903-0645/jars/plexus-classworlds-2.4.jar"/>
    <property name="java.vm.specification.version" value="1.7"/>
    <property name="sun.arch.data.model" value="32"/>
    <property name="java.home" value="D:\Development\JVA\Java\jre\1.7.0_25"/>
    <property name="sun.java.command" value="org.codehaus.plexus.classworlds.launcher.Launcher -B compile test org.apache.maven.plugins:maven-jar-plugin:2.3.2:jar"/>
    <property name="java.specification.vendor" value="Oracle Corporation"/>
    <property name="user.language" value="de"/>
    <property name="awt.toolkit" value="sun.awt.windows.WToolkit"/>
    <property name="java.vm.info" value="mixed mode, sharing"/>
    <property name="java.version" value="1.7.0_45"/>
    <property name="java.ext.dirs" value="D:\Development\JVA\Java\jre\1.7.0_25\lib\ext;C:\Windows\Sun\Java\lib\ext"/>
    <property name="sun.boot.class.path" value="D:\Development\JVA\Java\jre\1.7.0_25\lib\resources.jar;D:\Development\JVA\Java\jre\1.7.0_25\lib\rt.jar;D:\Development\JVA\Java\jre\1.7.0_25\lib\sunrsasign.jar;D:\Development\JVA\Java\jre\1.7.0_25\lib\jsse.jar;D:\Development\JVA\Java\jre\1.7.0_25\lib\jce.jar;D:\Development\JVA\Java\jre\1.7.0_25\lib\charsets.jar;D:\Development\JVA\Java\jre\1.7.0_25\lib\jfr.jar;D:\Development\JVA\Java\jre\1.7.0_25\classes"/>
    <property name="java.vendor" value="Oracle Corporation"/>
    <property name="maven.home" value="D:\Development\PRJ\workspace master\Softwareentwicklung\EMBEDDED"/>
    <property name="file.separator" value="\"/>
    <property name="java.vendor.url.bug" value="http://bugreport.sun.com/bugreport/"/>
    <property name="sun.cpu.endian" value="little"/>
    <property name="sun.io.unicode.encoding" value="UnicodeLittle"/>
    <property name="sun.desktop" value="windows"/>
    <property name="sun.cpu.isalist" value="pentium_pro+mmx pentium_pro pentium+mmx pentium i486 i386 i86"/>
  </properties>
  <testcase time="0.003" classname="de.master.softwareentwicklung.kata.tictactoe.test.CellTest" name="de.master.softwareentwicklung.kata.tictactoe.test.CellTest.testGetTypeString">
    <failure message="org/junit/Assert" type="java.lang.NoClassDefFoundError">java.lang.NoClassDefFoundError: org/junit/Assert
	at de.master.softwareentwicklung.kata.tictactoe.test.CellTest.testGetTypeString(CellTest.java:21)
Caused by: java.lang.ClassNotFoundException: org.junit.Assert
	at java.net.URLClassLoader$1.run(Unknown Source)
	at java.net.URLClassLoader$1.run(Unknown Source)
	at java.security.AccessController.doPrivileged(Native Method)
	at java.net.URLClassLoader.findClass(Unknown Source)
	at java.lang.ClassLoader.loadClass(Unknown Source)
	at sun.misc.Launcher$AppClassLoader.loadClass(Unknown Source)
	at java.lang.ClassLoader.loadClass(Unknown Source)
	... 19 more
</failure>
  </testcase>
  <testcase time="0" classname="de.master.softwareentwicklung.kata.tictactoe.test.CellTest" name="de.master.softwareentwicklung.kata.tictactoe.test.CellTest.testGetPosition">
    <failure message="org/junit/Assert" type="java.lang.NoClassDefFoundError">java.lang.NoClassDefFoundError: org/junit/Assert
	at de.master.softwareentwicklung.kata.tictactoe.test.CellTest.testGetPosition(CellTest.java:31)
</failure>
  </testcase>
  <testcase time="0" classname="de.master.softwareentwicklung.kata.tictactoe.test.CellTest" name="de.master.softwareentwicklung.kata.tictactoe.test.CellTest.testSetType">
    <failure message="org/junit/Assert" type="java.lang.NoClassDefFoundError">java.lang.NoClassDefFoundError: org/junit/Assert
	at de.master.softwareentwicklung.kata.tictactoe.test.CellTest.testSetType(CellTest.java:26)
</failure>
  </testcase>
  <testcase time="0" classname="de.master.softwareentwicklung.kata.tictactoe.test.CellTest" name="de.master.softwareentwicklung.kata.tictactoe.test.CellTest.testGetType">
    <failure message="org/junit/Assert" type="java.lang.NoClassDefFoundError">java.lang.NoClassDefFoundError: org/junit/Assert
	at de.master.softwareentwicklung.kata.tictactoe.test.CellTest.testGetType(CellTest.java:16)
</failure>
  </testcase>
  <testcase time="0" classname="de.master.softwareentwicklung.kata.tictactoe.test.CellTest" name="de.master.softwareentwicklung.kata.tictactoe.test.CellTest.testCell">
    <failure message="org/junit/Assert" type="java.lang.NoClassDefFoundError">java.lang.NoClassDefFoundError: org/junit/Assert
	at de.master.softwareentwicklung.kata.tictactoe.test.CellTest.testCell(CellTest.java:11)
</failure>
  </testcase>
</testsuite>